<?xml version="1.0" encoding="UTF-8"?>
<!-- Generated by org.testng.reporters.JUnitReportReporter -->
<testsuite hostname="Boopalan" failures="0" tests="5" name="tests.TC000_Signup" time="-1726134016.000" errors="1" timestamp="2024-09-12T15:10:09 IST" skipped="4">
  <testcase classname="tests.TC000_Signup" name="setUp" time="-1726134016.000">
    <error message="
Parameter &#039;browser&#039; is required by BeforeTest on method setUp but has not been marked @Optional or defined
in C:\Users\boopa\AppData\Local\Temp\testng-eclipse-731239486\testng-customsuite.xml" type="org.testng.TestNGException">
      <![CDATA[org.testng.TestNGException: 
Parameter 'browser' is required by BeforeTest on method setUp but has not been marked @Optional or defined
in C:\Users\boopa\AppData\Local\Temp\testng-eclipse-731239486\testng-customsuite.xml
at org.testng.internal.Parameters.createParams(Parameters.java:267)
at org.testng.internal.Parameters.createParametersForMethod(Parameters.java:355)
at org.testng.internal.Parameters.createParameters(Parameters.java:684)
at org.testng.internal.Parameters.createConfigurationParameters(Parameters.java:166)
at org.testng.internal.invokers.ConfigInvoker.invokeConfigurations(ConfigInvoker.java:306)
at org.testng.TestRunner.invokeTestConfigurations(TestRunner.java:663)
at org.testng.TestRunner.beforeRun(TestRunner.java:652)
at org.testng.TestRunner.run(TestRunner.java:614)
at org.testng.SuiteRunner.runTest(SuiteRunner.java:443)
at org.testng.SuiteRunner.runSequentially(SuiteRunner.java:437)
at org.testng.SuiteRunner.privateRun(SuiteRunner.java:397)
at org.testng.SuiteRunner.run(SuiteRunner.java:336)
at org.testng.SuiteRunnerWorker.runSuite(SuiteRunnerWorker.java:52)
at org.testng.SuiteRunnerWorker.run(SuiteRunnerWorker.java:95)
at org.testng.TestNG.runSuitesSequentially(TestNG.java:1280)
at org.testng.TestNG.runSuitesLocally(TestNG.java:1200)
at org.testng.TestNG.runSuites(TestNG.java:1114)
at org.testng.TestNG.run(TestNG.java:1082)
at org.testng.remote.AbstractRemoteTestNG.run(AbstractRemoteTestNG.java:115)
at org.testng.remote.RemoteTestNG.initAndRun(RemoteTestNG.java:293)
at org.testng.remote.RemoteTestNG.main(RemoteTestNG.java:91)
]]>
    </error>
  </testcase> <!-- setUp -->
  <testcase classname="tests.TC000_Signup" name="positiveSignupScenario" time="0.000">
    <skipped/>
  </testcase> <!-- positiveSignupScenario -->
  <testcase classname="tests.TC000_Signup" name="invalidEmailSignupScenario" time="0.000">
    <skipped/>
  </testcase> <!-- invalidEmailSignupScenario -->
  <testcase classname="tests.TC000_Signup" name="mismatchedPasswordSignupScenario" time="0.000">
    <skipped/>
  </testcase> <!-- mismatchedPasswordSignupScenario -->
  <testcase classname="tests.TC000_Signup" name="emptyFieldsSignupScenario" time="0.000">
    <skipped/>
  </testcase> <!-- emptyFieldsSignupScenario -->
</testsuite> <!-- tests.TC000_Signup -->
